<?xml version="1.0" encoding="UTF-8"?>
<testsuites>
  <testsuite name="sitespeed.io.host_docker_internal._performance_performance_html" tests="19" failures="8" errors="0" skipped="0">
    <testcase classname="host_docker_internal._performance_performance_html" name="score.Coach Accessibility Score">
      <failure message="Coach Accessibility Score is 70 and limit min 100 http://host.docker.internal:8080/performance/performance.html"/>
    </testcase>
    <testcase classname="host_docker_internal._performance_performance_html" name="score.Coach Best Practice Score">
      <failure message="Coach Best Practice Score is 42 and limit min 100 http://host.docker.internal:8080/performance/performance.html"/>
    </testcase>
    <testcase classname="host_docker_internal._performance_performance_html" name="score.Coach Privacy Score">
      <failure message="Coach Privacy Score is 73 and limit min 100 http://host.docker.internal:8080/performance/performance.html"/>
    </testcase>
    <testcase classname="host_docker_internal._performance_performance_html" name="score.Coach Performance Score">
      <failure message="Coach Performance Score is 89 and limit min 100 http://host.docker.internal:8080/performance/performance.html"/>
    </testcase>
    <testcase classname="host_docker_internal._performance_performance_html" name="timings.Visual Readiness">
      <failure message="Visual Readiness is 533 ms and limit max 200 ms http://host.docker.internal:8080/performance/performance.html"/>
    </testcase>
    <testcase classname="host_docker_internal._performance_performance_html" name="transferSize.HTML Transfer Size">
      <failure message="HTML Transfer Size is 21.3 KB and limit max 19.5 KB http://host.docker.internal:8080/performance/performance.html"/>
    </testcase>
    <testcase classname="host_docker_internal._performance_performance_html" name="transferSize.JavaScript Transfer Size">
      <failure message="JavaScript Transfer Size is 30.6 KB and limit max 0 b http://host.docker.internal:8080/performance/performance.html"/>
    </testcase>
    <testcase classname="host_docker_internal._performance_performance_html" name="transferSize.CSS Transfer Size">
      <failure message="CSS Transfer Size is 171.3 KB and limit max 9.8 KB http://host.docker.internal:8080/performance/performance.html"/>
    </testcase>
    <testcase classname="host_docker_internal._performance_performance_html" name="timings.First Paint">
      <system-out>
        <![CDATA[First Paint is 239 ms and limit max 1.000 s http://host.docker.internal:8080/performance/performance.html]]>
      </system-out>
    </testcase>
    <testcase classname="host_docker_internal._performance_performance_html" name="timings.Page Load Time">
      <system-out>
        <![CDATA[Page Load Time is 756 ms and limit max 2.000 s http://host.docker.internal:8080/performance/performance.html]]>
      </system-out>
    </testcase>
    <testcase classname="host_docker_internal._performance_performance_html" name="timings.Fully Loaded">
      <system-out>
        <![CDATA[Fully Loaded is 718 ms and limit max 2.000 s http://host.docker.internal:8080/performance/performance.html]]>
      </system-out>
    </testcase>
    <testcase classname="host_docker_internal._performance_performance_html" name="timings.First Visual Change">
      <system-out>
        <![CDATA[First Visual Change is 267 ms and limit max 1.000 s http://host.docker.internal:8080/performance/performance.html]]>
      </system-out>
    </testcase>
    <testcase classname="host_docker_internal._performance_performance_html" name="timings.Last Visual Change">
      <system-out>
        <![CDATA[Last Visual Change is 800 ms and limit max 1.200 s http://host.docker.internal:8080/performance/performance.html]]>
      </system-out>
    </testcase>
    <testcase classname="host_docker_internal._performance_performance_html" name="timings.Speed Index">
      <system-out>
        <![CDATA[Speed Index is 508 ms and limit max 1.200 s http://host.docker.internal:8080/performance/performance.html]]>
      </system-out>
    </testcase>
    <testcase classname="host_docker_internal._performance_performance_html" name="timings.Perceptual Speed Index">
      <system-out>
        <![CDATA[Perceptual Speed Index is 345 ms and limit max 1.200 s http://host.docker.internal:8080/performance/performance.html]]>
      </system-out>
    </testcase>
    <testcase classname="host_docker_internal._performance_performance_html" name="timings.Visual Complete 95">
      <system-out>
        <![CDATA[Visual Complete 95 is 800 ms and limit max 1.190 s http://host.docker.internal:8080/performance/performance.html]]>
      </system-out>
    </testcase>
    <testcase classname="host_docker_internal._performance_performance_html" name="transferSize.Total Transfer Size">
      <system-out>
        <![CDATA[Total Transfer Size is 245.3 KB and limit max 390.6 KB http://host.docker.internal:8080/performance/performance.html]]>
      </system-out>
    </testcase>
    <testcase classname="host_docker_internal._performance_performance_html" name="transferSize.Image Transfer Size">
      <system-out>
        <![CDATA[Image Transfer Size is 0 b and limit max 195.3 KB http://host.docker.internal:8080/performance/performance.html]]>
      </system-out>
    </testcase>
    <testcase classname="host_docker_internal._performance_performance_html" name="transferSize.Font Transfer Size">
      <system-out>
        <![CDATA[Font Transfer Size is 0 b and limit max 0 b http://host.docker.internal:8080/performance/performance.html]]>
      </system-out>
    </testcase>
  </testsuite>
</testsuites>